Opening INI file "C:\Users\vlada\OneDrive\Desktop\Hacks\s1-proto-disasm\SonLVL INI Files\SonLVL.ini"...
Game type is S1.
Loading Green Hill Zone Act 1...
Loading palette file "../palette/Sonic.bin"...
Source: 0 Destination: 0 Length: 16
Loading 256x256 chunks from file "../map256/GHZ.bin", using compression Kosinski...
Loading 16x16 blocks from file "../map16/GHZ.bin", using compression Uncompressed...
Loading 8x8 tiles from file "../artnem/8x8 - GHZ1.bin", using compression Nemesis...
Loading palette file "../palette/Green Hill Zone.bin"...
Source: 0 Destination: 16 Length: 48
Loading FG layout from file "../levels/ghz1.bin", using compression Uncompressed...
Loading BG layout from file "../levels/ghzbg1.bin", using compression Uncompressed...
Loading 16x16 blocks from file "../map16/Anim GHZ.bin", using compression Uncompressed...
Loading FG layout from file "../levels/ghz2.bin", using compression Uncompressed...
Loading BG layout from file "../levels/ghzbg2.bin", using compression Uncompressed...
Loading FG layout from file "../levels/ghz3.bin", using compression Uncompressed...
Loading BG layout from file "../levels/ghzbg3.bin", using compression Uncompressed...
Loading 8x8 tiles from file "../artnem/8x8 - GHZ2.bin", using compression Nemesis...
Loading objects from file "../objpos/ghz1.bin", using compression Uncompressed...
Loading start position "Level Start" from file "../startpos/ghz1.bin"...
Level loaded in 0.2157114 second(s).
System.NullReferenceException: Object reference not set to an instance of an object.
   at SonicRetro.SonLVL.LevelConverter.MainForm.ConvertLevel() in C:\Programs\SonLVL\LevelConverter\MainForm.cs:line 465
   at SonicRetro.SonLVL.LevelConverter.MainForm.button1_Click(Object sender, EventArgs e) in C:\Programs\SonLVL\LevelConverter\MainForm.cs:line 107
   at System.Windows.Forms.Control.OnClick(EventArgs e)
   at System.Windows.Forms.Button.OnClick(EventArgs e)
   at System.Windows.Forms.Button.OnMouseUp(MouseEventArgs mevent)
   at System.Windows.Forms.Control.WmMouseUp(Message& m, MouseButtons button, Int32 clicks)
   at System.Windows.Forms.Control.WndProc(Message& m)
   at System.Windows.Forms.ButtonBase.WndProc(Message& m)
   at System.Windows.Forms.Button.WndProc(Message& m)
   at System.Windows.Forms.Control.ControlNativeWindow.OnMessage(Message& m)
   at System.Windows.Forms.Control.ControlNativeWindow.WndProc(Message& m)
   at System.Windows.Forms.NativeWindow.Callback(IntPtr hWnd, Int32 msg, IntPtr wparam, IntPtr lparam)
