Operating system: Microsoft Windows NT 6.2.9200.0
Opening INI file "C:\Users\vlada\OneDrive\Desktop\Hacks\s1-proto-disasm-128chx\SonLVL INI Files\SonLVL.ini"...
Game type is S1.
Loading Green Hill Zone Act 1...
Loading 16x16 blocks from file "../map16/GHZ.bin", using compression Uncompressed...
Loading palette file "../palette/Sonic.bin"...
Source: 0 Destination: 0 Length: 16
Loading 128x128 chunks from file "../map256/GHZ.bin", using compression Kosinski...
Loading palette file "../palette/Green Hill Zone.bin"...
Source: 0 Destination: 16 Length: 48
Loading 8x8 tiles from file "../artnem/8x8 - GHZ1.bin", using compression Nemesis...
Loading 16x16 blocks from file "../map16/Anim GHZ.bin", using compression Uncompressed...
Loading FG layout from file "../levels/ghz1.bin", using compression Uncompressed...
Loading BG layout from file "../levels/ghzbg1.bin", using compression Uncompressed...
Loading FG layout from file "../levels/ghz2.bin", using compression Uncompressed...
Loading 8x8 tiles from file "../artnem/8x8 - GHZ2.bin", using compression Nemesis...
Loading BG layout from file "../levels/ghzbg2.bin", using compression Uncompressed...
Loading FG layout from file "../levels/ghz3.bin", using compression Uncompressed...
Loading BG layout from file "../levels/ghzbg3.bin", using compression Uncompressed...
Loading object definition file "obj.ini".
Loading object definition file "objGHZ.ini".
Loading ObjectDefinition type S1ObjectDefinitions.Common.Ring from "Common\Ring.cs"...
Compiling code file...
Loading ObjectDefinition type S1ObjectDefinitions.GHZ.Bridge from "GHZ\Bridge.cs"...
Compiling code file...
Compile succeeded.
Compile succeeded.
Loading objects from file "../objpos/ghz1.bin", using compression Uncompressed...
Loading start position "Level Start" from file "../startpos/ghz1.bin"...
Drawing block bitmaps...
Drawing chunk bitmaps...
Level loaded in 0.3964697 second(s).
Load completed.
Opening INI file "C:\Users\vlada\OneDrive\Desktop\Hacks\s1-proto-disasm-128chx\SonLVL INI Files\SonLVL.ini"...
Game type is S1.
Loading Green Hill Zone Act 1...
Loading palette file "../palette/Sonic.bin"...
Source: 0 Destination: 0 Length: 16
Loading 8x8 tiles from file "../artnem/8x8 - GHZ1.bin", using compression Nemesis...
Loading FG layout from file "../levels/ghz1.bin", using compression Uncompressed...
Loading 16x16 blocks from file "../map16/GHZ.bin", using compression Enigma...
Loading 128x128 chunks from file "../map256/GHZ.bin", using compression Kosinski...
Loading palette file "../palette/Green Hill Zone.bin"...
Source: 0 Destination: 16 Length: 48
Loading BG layout from file "../levels/ghzbg1.bin", using compression Uncompressed...
Loading FG layout from file "../levels/ghz2.bin", using compression Uncompressed...
Loading BG layout from file "../levels/ghzbg2.bin", using compression Uncompressed...
Loading FG layout from file "../levels/ghz3.bin", using compression Uncompressed...
Loading BG layout from file "../levels/ghzbg3.bin", using compression Uncompressed...
Loading 8x8 tiles from file "../artnem/8x8 - GHZ2.bin", using compression Nemesis...
Loading 16x16 blocks from file "../map16/Anim GHZ.bin", using compression Enigma...
Unable to read file "../map16/Anim GHZ.bin" with compression Enigma:
System.AggregateException: One or more errors occurred. ---> System.ArgumentOutOfRangeException: Specified argument was out of the range of valid values.
Parameter name: enabledFlags
   at SonicRetro.KensSharp.Enigma.GetBitfieldReader(Byte enabledFlags)
   at SonicRetro.KensSharp.Enigma.Decode(Stream input, Stream output, Endianness endianness)
   at SonicRetro.KensSharp.Enigma.Decompress(Stream input, Stream output, Endianness endianness)
   at SonicRetro.KensSharp.Enigma.Decompress(String sourceFilePath, Endianness endianness)
   at SonicRetro.SonLVL.API.Compression.Decompress(String file, CompressionType cmp) in C:\Programs\SonLVL\SonLVLAPI\Compression.cs:line 51
   at SonicRetro.SonLVL.API.LevelData.LoadLevelBlocks() in C:\Programs\SonLVL\SonLVLAPI\LevelData.cs:line 528
   at System.Threading.Tasks.Task.InnerInvoke()
   at System.Threading.Tasks.Task.Execute()
   --- End of inner exception stack trace ---
   at System.Threading.Tasks.Task.WaitAll(Task[] tasks, Int32 millisecondsTimeout, CancellationToken cancellationToken)
   at System.Threading.Tasks.Task.WaitAll(Task[] tasks, Int32 millisecondsTimeout)
   at System.Threading.Tasks.Parallel.Invoke(ParallelOptions parallelOptions, Action[] actions)
   at System.Threading.Tasks.Parallel.Invoke(Action[] actions)
   at SonicRetro.SonLVL.API.LevelData.LoadLevel(String levelname, Boolean loadGraphics) in C:\Programs\SonLVL\SonLVLAPI\LevelData.cs:line 184
   at SonicRetro.SonLVL.GUI.MainForm.backgroundLevelLoader_DoWork(Object sender, DoWorkEventArgs e) in C:\Programs\SonLVL\SonLVL\MainForm.cs:line 574
---> (Inner Exception #0) System.ArgumentOutOfRangeException: Specified argument was out of the range of valid values.
Parameter name: enabledFlags
   at SonicRetro.KensSharp.Enigma.GetBitfieldReader(Byte enabledFlags)
   at SonicRetro.KensSharp.Enigma.Decode(Stream input, Stream output, Endianness endianness)
   at SonicRetro.KensSharp.Enigma.Decompress(Stream input, Stream output, Endianness endianness)
   at SonicRetro.KensSharp.Enigma.Decompress(String sourceFilePath, Endianness endianness)
   at SonicRetro.SonLVL.API.Compression.Decompress(String file, CompressionType cmp) in C:\Programs\SonLVL\SonLVLAPI\Compression.cs:line 51
   at SonicRetro.SonLVL.API.LevelData.LoadLevelBlocks() in C:\Programs\SonLVL\SonLVLAPI\LevelData.cs:line 528
   at System.Threading.Tasks.Task.InnerInvoke()
   at System.Threading.Tasks.Task.Execute()<---

Opening INI file "C:\Users\vlada\OneDrive\Desktop\Hacks\s1-proto-disasm-128chx\SonLVL INI Files\SonLVL.ini"...
Game type is S1.
Loading Green Hill Zone Act 1...
Loading palette file "../palette/Sonic.bin"...
Source: 0 Destination: 0 Length: 16
Loading 8x8 tiles from file "../artnem/8x8 - GHZ1.bin", using compression Nemesis...
Loading 128x128 chunks from file "../map256/GHZ.bin", using compression Kosinski...
Loading FG layout from file "../levels/ghz1.bin", using compression Uncompressed...
Loading 16x16 blocks from file "../map16/GHZ.bin", using compression Enigma...
Loading palette file "../palette/Green Hill Zone.bin"...
Source: 0 Destination: 16 Length: 48
Loading BG layout from file "../levels/ghzbg1.bin", using compression Uncompressed...
Loading FG layout from file "../levels/ghz2.bin", using compression Uncompressed...
Loading 16x16 blocks from file "../map16/Anim GHZ.bin", using compression Enigma...
Loading BG layout from file "../levels/ghzbg2.bin", using compression Uncompressed...
Unable to read file "../map16/Anim GHZ.bin" with compression Enigma:
Loading FG layout from file "../levels/ghz3.bin", using compression Uncompressed...
Loading BG layout from file "../levels/ghzbg3.bin", using compression Uncompressed...
Loading 8x8 tiles from file "../artnem/8x8 - GHZ2.bin", using compression Nemesis...
System.AggregateException: One or more errors occurred. ---> System.ArgumentOutOfRangeException: Specified argument was out of the range of valid values.
Parameter name: enabledFlags
   at SonicRetro.KensSharp.Enigma.GetBitfieldReader(Byte enabledFlags)
   at SonicRetro.KensSharp.Enigma.Decode(Stream input, Stream output, Endianness endianness)
   at SonicRetro.KensSharp.Enigma.Decompress(Stream input, Stream output, Endianness endianness)
   at SonicRetro.KensSharp.Enigma.Decompress(String sourceFilePath, Endianness endianness)
   at SonicRetro.SonLVL.API.Compression.Decompress(String file, CompressionType cmp) in C:\Programs\SonLVL\SonLVLAPI\Compression.cs:line 51
   at SonicRetro.SonLVL.API.LevelData.LoadLevelBlocks() in C:\Programs\SonLVL\SonLVLAPI\LevelData.cs:line 528
   at System.Threading.Tasks.Task.InnerInvoke()
   at System.Threading.Tasks.Task.Execute()
   --- End of inner exception stack trace ---
   at System.Threading.Tasks.Task.WaitAll(Task[] tasks, Int32 millisecondsTimeout, CancellationToken cancellationToken)
   at System.Threading.Tasks.Task.WaitAll(Task[] tasks, Int32 millisecondsTimeout)
   at System.Threading.Tasks.Parallel.Invoke(ParallelOptions parallelOptions, Action[] actions)
   at System.Threading.Tasks.Parallel.Invoke(Action[] actions)
   at SonicRetro.SonLVL.API.LevelData.LoadLevel(String levelname, Boolean loadGraphics) in C:\Programs\SonLVL\SonLVLAPI\LevelData.cs:line 184
   at SonicRetro.SonLVL.GUI.MainForm.backgroundLevelLoader_DoWork(Object sender, DoWorkEventArgs e) in C:\Programs\SonLVL\SonLVL\MainForm.cs:line 574
---> (Inner Exception #0) System.ArgumentOutOfRangeException: Specified argument was out of the range of valid values.
Parameter name: enabledFlags
   at SonicRetro.KensSharp.Enigma.GetBitfieldReader(Byte enabledFlags)
   at SonicRetro.KensSharp.Enigma.Decode(Stream input, Stream output, Endianness endianness)
   at SonicRetro.KensSharp.Enigma.Decompress(Stream input, Stream output, Endianness endianness)
   at SonicRetro.KensSharp.Enigma.Decompress(String sourceFilePath, Endianness endianness)
   at SonicRetro.SonLVL.API.Compression.Decompress(String file, CompressionType cmp) in C:\Programs\SonLVL\SonLVLAPI\Compression.cs:line 51
   at SonicRetro.SonLVL.API.LevelData.LoadLevelBlocks() in C:\Programs\SonLVL\SonLVLAPI\LevelData.cs:line 528
   at System.Threading.Tasks.Task.InnerInvoke()
   at System.Threading.Tasks.Task.Execute()<---

Opening INI file "C:\Users\vlada\OneDrive\Desktop\Hacks\s1-proto-disasm-128chx\SonLVL INI Files\SonLVL.ini"...
Game type is S1.
Loading Green Hill Zone Act 1...
Loading 16x16 blocks from file "../map16/GHZ.bin", using compression Enigma...
Loading 8x8 tiles from file "../artnem/8x8 - GHZ1.bin", using compression Nemesis...
Loading FG layout from file "../levels/ghz1.bin", using compression Uncompressed...
Loading 128x128 chunks from file "../map256/GHZ.bin", using compression Kosinski...
Loading palette file "../palette/Sonic.bin"...
Source: 0 Destination: 0 Length: 16
Loading BG layout from file "../levels/ghzbg1.bin", using compression Uncompressed...
Loading palette file "../palette/Green Hill Zone.bin"...
Source: 0 Destination: 16 Length: 48
Loading 16x16 blocks from file "../map16/Anim GHZ.bin", using compression Enigma...
Unable to read file "../map16/Anim GHZ.bin" with compression Enigma:
Loading FG layout from file "../levels/ghz2.bin", using compression Uncompressed...
Loading BG layout from file "../levels/ghzbg2.bin", using compression Uncompressed...
Loading FG layout from file "../levels/ghz3.bin", using compression Uncompressed...
Loading BG layout from file "../levels/ghzbg3.bin", using compression Uncompressed...
Loading 8x8 tiles from file "../artnem/8x8 - GHZ2.bin", using compression Nemesis...
System.AggregateException: One or more errors occurred. ---> System.ArgumentOutOfRangeException: Specified argument was out of the range of valid values.
Parameter name: enabledFlags
   at SonicRetro.KensSharp.Enigma.GetBitfieldReader(Byte enabledFlags)
   at SonicRetro.KensSharp.Enigma.Decode(Stream input, Stream output, Endianness endianness)
   at SonicRetro.KensSharp.Enigma.Decompress(Stream input, Stream output, Endianness endianness)
   at SonicRetro.KensSharp.Enigma.Decompress(String sourceFilePath, Endianness endianness)
   at SonicRetro.SonLVL.API.Compression.Decompress(String file, CompressionType cmp) in C:\Programs\SonLVL\SonLVLAPI\Compression.cs:line 51
   at SonicRetro.SonLVL.API.LevelData.LoadLevelBlocks() in C:\Programs\SonLVL\SonLVLAPI\LevelData.cs:line 528
   at System.Threading.Tasks.Task.InnerInvoke()
   at System.Threading.Tasks.Task.Execute()
   --- End of inner exception stack trace ---
   at System.Threading.Tasks.Task.WaitAll(Task[] tasks, Int32 millisecondsTimeout, CancellationToken cancellationToken)
   at System.Threading.Tasks.Task.WaitAll(Task[] tasks, Int32 millisecondsTimeout)
   at System.Threading.Tasks.Parallel.Invoke(ParallelOptions parallelOptions, Action[] actions)
   at System.Threading.Tasks.Parallel.Invoke(Action[] actions)
   at SonicRetro.SonLVL.API.LevelData.LoadLevel(String levelname, Boolean loadGraphics) in C:\Programs\SonLVL\SonLVLAPI\LevelData.cs:line 184
   at SonicRetro.SonLVL.GUI.MainForm.backgroundLevelLoader_DoWork(Object sender, DoWorkEventArgs e) in C:\Programs\SonLVL\SonLVL\MainForm.cs:line 574
---> (Inner Exception #0) System.ArgumentOutOfRangeException: Specified argument was out of the range of valid values.
Parameter name: enabledFlags
   at SonicRetro.KensSharp.Enigma.GetBitfieldReader(Byte enabledFlags)
   at SonicRetro.KensSharp.Enigma.Decode(Stream input, Stream output, Endianness endianness)
   at SonicRetro.KensSharp.Enigma.Decompress(Stream input, Stream output, Endianness endianness)
   at SonicRetro.KensSharp.Enigma.Decompress(String sourceFilePath, Endianness endianness)
   at SonicRetro.SonLVL.API.Compression.Decompress(String file, CompressionType cmp) in C:\Programs\SonLVL\SonLVLAPI\Compression.cs:line 51
   at SonicRetro.SonLVL.API.LevelData.LoadLevelBlocks() in C:\Programs\SonLVL\SonLVLAPI\LevelData.cs:line 528
   at System.Threading.Tasks.Task.InnerInvoke()
   at System.Threading.Tasks.Task.Execute()<---

Opening INI file "C:\Users\vlada\OneDrive\Desktop\Hacks\s1-proto-disasm-128chx\SonLVL INI Files\SonLVL.ini"...
Game type is S1.
Loading Green Hill Zone Act 1...
Loading palette file "../palette/Sonic.bin"...
Source: 0 Destination: 0 Length: 16
Loading 8x8 tiles from file "../artnem/8x8 - GHZ1.bin", using compression Nemesis...
Loading 16x16 blocks from file "../map16/GHZ.bin", using compression Uncompressed...
Loading 128x128 chunks from file "../map256/GHZ.bin", using compression Kosinski...
Loading FG layout from file "../levels/ghz1.bin", using compression Uncompressed...
Loading palette file "../palette/Green Hill Zone.bin"...
Source: 0 Destination: 16 Length: 48
Loading BG layout from file "../levels/ghzbg1.bin", using compression Uncompressed...
Loading FG layout from file "../levels/ghz2.bin", using compression Uncompressed...
Loading 16x16 blocks from file "../map16/Anim GHZ.bin", using compression Uncompressed...
Loading BG layout from file "../levels/ghzbg2.bin", using compression Uncompressed...
Loading FG layout from file "../levels/ghz3.bin", using compression Uncompressed...
Loading BG layout from file "../levels/ghzbg3.bin", using compression Uncompressed...
Loading 8x8 tiles from file "../artnem/8x8 - GHZ2.bin", using compression Nemesis...
Loading object definition file "obj.ini".
Loading object definition file "objGHZ.ini".
Loading ObjectDefinition type S1ObjectDefinitions.Common.Ring from "Common\Ring.cs"...
Loading ObjectDefinition type S1ObjectDefinitions.GHZ.Bridge from "GHZ\Bridge.cs"...
Loading type from cached assembly "dllcache\S1ObjectDefinitions.Common.Ring.dll"...
Loading type from cached assembly "dllcache\S1ObjectDefinitions.GHZ.Bridge.dll"...
Loading start position "Level Start" from file "../startpos/ghz1.bin"...
Loading objects from file "../objpos/ghz1.bin", using compression Uncompressed...
Drawing block bitmaps...
Drawing chunk bitmaps...
Level loaded in 0.2258821 second(s).
Load completed.
Saving Green Hill Zone Act 1...
Saving Green Hill Zone Act 1...
Saving Green Hill Zone Act 1...
Saving Green Hill Zone Act 1...
Loading Green Hill Zone Act 2...
Loading palette file "../palette/Sonic.bin"...
Source: 0 Destination: 0 Length: 16
Loading 8x8 tiles from file "../artnem/8x8 - GHZ1.bin", using compression Nemesis...
Loading 128x128 chunks from file "../map256/GHZ.bin", using compression Kosinski...
Loading 16x16 blocks from file "../map16/GHZ.bin", using compression Uncompressed...
Loading FG layout from file "../levels/ghz2.bin", using compression Uncompressed...
Loading palette file "../palette/Green Hill Zone.bin"...
Source: 0 Destination: 16 Length: 48
Loading BG layout from file "../levels/ghzbg2.bin", using compression Uncompressed...
Loading FG layout from file "../levels/ghz1.bin", using compression Uncompressed...
Loading 16x16 blocks from file "../map16/Anim GHZ.bin", using compression Uncompressed...
Loading BG layout from file "../levels/ghzbg1.bin", using compression Uncompressed...
Loading FG layout from file "../levels/ghz3.bin", using compression Uncompressed...
Loading BG layout from file "../levels/ghzbg3.bin", using compression Uncompressed...
Loading 8x8 tiles from file "../artnem/8x8 - GHZ2.bin", using compression Nemesis...
Loading object definition file "obj.ini".
Loading object definition file "objGHZ.ini".
Loading ObjectDefinition type S1ObjectDefinitions.Common.Ring from "Common\Ring.cs"...
Loading ObjectDefinition type S1ObjectDefinitions.GHZ.Bridge from "GHZ\Bridge.cs"...
Loading type from cached assembly "dllcache\S1ObjectDefinitions.Common.Ring.dll"...
Loading type from cached assembly "dllcache\S1ObjectDefinitions.GHZ.Bridge.dll"...
Loading objects from file "../objpos/ghz2.bin", using compression Uncompressed...
Loading start position "Level Start" from file "../startpos/ghz2.bin"...
Drawing block bitmaps...
Drawing chunk bitmaps...
Level loaded in 0.205716 second(s).
Load completed.
Opening INI file "C:\Users\vlada\OneDrive\Desktop\Hacks\s1-proto-disasm-128chx\SonLVL INI Files\SonLVL.ini"...
Game type is S1.
Loading Green Hill Zone Act 1...
Loading 16x16 blocks from file "../map16/GHZ.bin", using compression Enigma...
Loading 128x128 chunks from file "../map256/GHZ.bin", using compression Kosinski...
Loading 8x8 tiles from file "../artnem/8x8 - GHZ1.bin", using compression Nemesis...
Loading palette file "../palette/Sonic.bin"...
Source: 0 Destination: 0 Length: 16
Loading FG layout from file "../levels/ghz1.bin", using compression Uncompressed...
Loading palette file "../palette/Green Hill Zone.bin"...
Source: 0 Destination: 16 Length: 48
Loading BG layout from file "../levels/ghzbg1.bin", using compression Uncompressed...
Loading 16x16 blocks from file "../map16/Anim GHZ.bin", using compression Enigma...
Loading FG layout from file "../levels/ghz2.bin", using compression Uncompressed...
Unable to read file "../map16/Anim GHZ.bin" with compression Enigma:
Loading BG layout from file "../levels/ghzbg2.bin", using compression Uncompressed...
Loading FG layout from file "../levels/ghz3.bin", using compression Uncompressed...
Loading BG layout from file "../levels/ghzbg3.bin", using compression Uncompressed...
Loading 8x8 tiles from file "../artnem/8x8 - GHZ2.bin", using compression Nemesis...
System.AggregateException: One or more errors occurred. ---> System.ArgumentOutOfRangeException: Specified argument was out of the range of valid values.
Parameter name: enabledFlags
   at SonicRetro.KensSharp.Enigma.GetBitfieldReader(Byte enabledFlags)
   at SonicRetro.KensSharp.Enigma.Decode(Stream input, Stream output, Endianness endianness)
   at SonicRetro.KensSharp.Enigma.Decompress(Stream input, Stream output, Endianness endianness)
   at SonicRetro.KensSharp.Enigma.Decompress(String sourceFilePath, Endianness endianness)
   at SonicRetro.SonLVL.API.Compression.Decompress(String file, CompressionType cmp) in C:\Programs\SonLVL\SonLVLAPI\Compression.cs:line 51
   at SonicRetro.SonLVL.API.LevelData.LoadLevelBlocks() in C:\Programs\SonLVL\SonLVLAPI\LevelData.cs:line 528
   at System.Threading.Tasks.Task.InnerInvoke()
   at System.Threading.Tasks.Task.Execute()
   --- End of inner exception stack trace ---
   at System.Threading.Tasks.Task.WaitAll(Task[] tasks, Int32 millisecondsTimeout, CancellationToken cancellationToken)
   at System.Threading.Tasks.Task.WaitAll(Task[] tasks, Int32 millisecondsTimeout)
   at System.Threading.Tasks.Parallel.Invoke(ParallelOptions parallelOptions, Action[] actions)
   at System.Threading.Tasks.Parallel.Invoke(Action[] actions)
   at SonicRetro.SonLVL.API.LevelData.LoadLevel(String levelname, Boolean loadGraphics) in C:\Programs\SonLVL\SonLVLAPI\LevelData.cs:line 184
   at SonicRetro.SonLVL.GUI.MainForm.backgroundLevelLoader_DoWork(Object sender, DoWorkEventArgs e) in C:\Programs\SonLVL\SonLVL\MainForm.cs:line 574
---> (Inner Exception #0) System.ArgumentOutOfRangeException: Specified argument was out of the range of valid values.
Parameter name: enabledFlags
   at SonicRetro.KensSharp.Enigma.GetBitfieldReader(Byte enabledFlags)
   at SonicRetro.KensSharp.Enigma.Decode(Stream input, Stream output, Endianness endianness)
   at SonicRetro.KensSharp.Enigma.Decompress(Stream input, Stream output, Endianness endianness)
   at SonicRetro.KensSharp.Enigma.Decompress(String sourceFilePath, Endianness endianness)
   at SonicRetro.SonLVL.API.Compression.Decompress(String file, CompressionType cmp) in C:\Programs\SonLVL\SonLVLAPI\Compression.cs:line 51
   at SonicRetro.SonLVL.API.LevelData.LoadLevelBlocks() in C:\Programs\SonLVL\SonLVLAPI\LevelData.cs:line 528
   at System.Threading.Tasks.Task.InnerInvoke()
   at System.Threading.Tasks.Task.Execute()<---

